<?xml version="1.0" encoding="UTF-8"?>
<testsuite xmlns:xsi="http://www.w3.org/2001/XMLSchema-instance" xsi:noNamespaceSchemaLocation="https://maven.apache.org/surefire/maven-surefire-plugin/xsd/surefire-test-report.xsd" name="com.tutorials.spring.test.Section26SpringDataJPAusingSpringBootApplicationTest" time="13.189" tests="3" errors="0" skipped="2" failures="0">
  <properties>
[...]
</properties>
  <testcase name="findByNameLikeAndPriceTest" classname="com.tutorials.spring.test.Section26SpringDataJPAusingSpringBootApplicationTest" time="0.762"/>
  <testcase name="saveProduct" classname="com.tutorials.spring.test.Section26SpringDataJPAusingSpringBootApplicationTest" time="0">
    <skipped message="void com.tutorials.spring.test.Section26SpringDataJPAusingSpringBootApplicationTest.saveProduct() is @Disabled"/>
  </testcase>
  <testcase name="getAllProductTest" classname="com.tutorials.spring.test.Section26SpringDataJPAusingSpringBootApplicationTest" time="0">
    <skipped message="void com.tutorials.spring.test.Section26SpringDataJPAusingSpringBootApplicationTest.getAllProductTest() is @Disabled"/>
  </testcase>
</testsuite>